<?xml version="1.0" encoding="UTF-8"?>
<!-- Generated by org.testng.reporters.JUnitXMLReporter -->
<testsuite ignored="0" hostname="ImransDell" failures="0" tests="6" name="Default test" time="38.161" errors="0" timestamp="2023-07-25T12:33:57 IST">
  <testcase classname="com.vedagram.test.TempleAdminTest" name="testLoginTempleAdmin" time="4.906"/>
  <testcase classname="com.vedagram.test.TempleAdminTest" name="testTempleManagement" time="11.2"/>
  <testcase classname="com.vedagram.test.TempleAdminTest" name="testFacilities" time="8.205"/>
  <testcase classname="com.vedagram.test.TempleAdminTest" name="testOfferingsAndSignificanceAndFestivals" time="2.698"/>
  <testcase classname="com.vedagram.test.TempleAdminTest" name="testPoojaAndLists" time="1.682"/>
  <testcase classname="com.vedagram.test.TempleAdminTest" name="testScheduleTimingsAndGallery" time="1.363"/>
</testsuite> <!-- Default test -->
