<?xml version="1.0" encoding="UTF-8"?>
<!-- Generated by org.testng.reporters.JUnitXMLReporter -->
<testsuite ignored="0" hostname="ImransDell" failures="0" tests="6" name="TempleAdminTest" time="37.149" errors="0" timestamp="2023-07-26T14:03:43 IST">
  <testcase classname="com.vedagram.test.TempleAdminTest" name="testLoginTempleAdmin" time="2.694"/>
  <testcase classname="com.vedagram.test.TempleAdminTest" name="testTempleManagement" time="9.1"/>
  <testcase classname="com.vedagram.test.TempleAdminTest" name="testFacilities" time="5.703"/>
  <testcase classname="com.vedagram.test.TempleAdminTest" name="testOfferingsAndSignificanceAndFestivals" time="3.192"/>
  <testcase classname="com.vedagram.test.TempleAdminTest" name="testPoojaAndLists" time="6.102"/>
  <testcase classname="com.vedagram.test.TempleAdminTest" name="testScheduleTimingsAndGallery" time="5.49"/>
</testsuite> <!-- TempleAdminTest -->
