<?xml version="1.0" encoding="UTF-8"?>
<!-- Generated by org.testng.reporters.JUnitXMLReporter -->
<testsuite ignored="5" hostname="ImransDell" failures="0" tests="2" name="Test" time="21.383" errors="0" timestamp="2023-07-27T18:14:54 IST">
  <testcase classname="com.vedagram.test.TempleAdminTest" name="testLoginTempleAdmin" time="2.887"/>
  <testcase classname="com.vedagram.test.TempleAdminTest" name="testOrderManagement" time="13.465"/>
  <testcase classname="com.vedagram.test.TempleAdminTest" name="testScheduleTimingsAndGallery" time="0.0">
    <ignored/>
  </testcase> <!-- testScheduleTimingsAndGallery -->
  <testcase classname="com.vedagram.test.TempleAdminTest" name="testOfferingsAndSignificanceAndFestivals" time="0.0">
    <ignored/>
  </testcase> <!-- testOfferingsAndSignificanceAndFestivals -->
  <testcase classname="com.vedagram.test.TempleAdminTest" name="testPoojaAndLists" time="0.0">
    <ignored/>
  </testcase> <!-- testPoojaAndLists -->
  <testcase classname="com.vedagram.test.TempleAdminTest" name="testTempleManagement" time="0.0">
    <ignored/>
  </testcase> <!-- testTempleManagement -->
  <testcase classname="com.vedagram.test.TempleAdminTest" name="testFacilities" time="0.0">
    <ignored/>
  </testcase> <!-- testFacilities -->
</testsuite> <!-- Test -->
