<?xml version="1.0" encoding="UTF-8"?>
<!-- Generated by org.testng.reporters.JUnitXMLReporter -->
<testsuite ignored="0" hostname="ImransDell" failures="0" tests="3" name="UserTest" time="3.544" errors="0" timestamp="2023-08-02T16:21:51 IST">
  <testcase classname="com.vedagram.test.UserTest" name="browserLaunch" time="3.191"/>
  <testcase classname="com.vedagram.test.UserTest" name="userLogin" time="0.005"/>
  <testcase classname="com.vedagram.test.UserTest" name="testPoojaOfferings" time="0.031"/>
</testsuite> <!-- UserTest -->
