<?xml version="1.0" encoding="UTF-8"?>
<testng-results ignored="0" total="3" passed="3" failed="0" skipped="0">
  <reporter-output>
  </reporter-output>
  <suite started-at="2023-08-02T16:21:48 IST" name="Suite" finished-at="2023-08-02T16:21:51 IST" duration-ms="3544">
    <groups>
    </groups>
    <test started-at="2023-08-02T16:21:48 IST" name="UserTest" finished-at="2023-08-02T16:21:51 IST" duration-ms="3544">
      <class name="com.vedagram.test.UserTest">
        <test-method signature="browserLaunch()[pri:1, instance:com.vedagram.test.UserTest@265adfad]" started-at="2023-08-02T16:21:48 IST" name="browserLaunch" finished-at="2023-08-02T16:21:51 IST" duration-ms="3191" status="PASS">
          <reporter-output>
          </reporter-output>
        </test-method> <!-- browserLaunch -->
        <test-method signature="userLogin()[pri:2, instance:com.vedagram.test.UserTest@265adfad]" started-at="2023-08-02T16:21:51 IST" name="userLogin" finished-at="2023-08-02T16:21:51 IST" duration-ms="5" status="PASS">
          <reporter-output>
          </reporter-output>
        </test-method> <!-- userLogin -->
        <test-method signature="testPoojaOfferings()[pri:3, instance:com.vedagram.test.UserTest@265adfad]" started-at="2023-08-02T16:21:51 IST" name="testPoojaOfferings" finished-at="2023-08-02T16:21:51 IST" duration-ms="31" status="PASS">
          <reporter-output>
          </reporter-output>
        </test-method> <!-- testPoojaOfferings -->
      </class> <!-- com.vedagram.test.UserTest -->
    </test> <!-- UserTest -->
  </suite> <!-- Suite -->
</testng-results>
